<?xml version="1.0" encoding="UTF-8"?>
<!-- Generated by org.testng.reporters.JUnitReportReporter -->
<testsuite skipped="0" hostname="BDC4-D-5S4YQG2" name="com.Day1.TestNG.callingDriver" tests="1" failures="0" timestamp="17 Sep 2018 10:30:47 GMT" time="106.652" errors="0">
  <testcase name="test" time="106.652" classname="com.Day1.TestNG.callingDriver"/>
</testsuite> <!-- com.Day1.TestNG.callingDriver -->
