<?xml version="1.0" encoding="UTF-8"?>
<!-- Generated by org.testng.reporters.JUnitReportReporter -->
<testsuite skipped="0" hostname="BDC4-D-5S4YQG2" name="com.Day1.TestNG.DataDrivenExample" tests="2" failures="0" timestamp="17 Sep 2018 09:19:09 GMT" time="0.002" errors="0">
  <testcase name="Testcase" time="0.001" classname="com.Day1.TestNG.DataDrivenExample"/>
  <testcase name="Testcase" time="0.001" classname="com.Day1.TestNG.DataDrivenExample"/>
</testsuite> <!-- com.Day1.TestNG.DataDrivenExample -->
