<?xml version="1.0" encoding="UTF-8"?>
<!-- Generated by org.testng.reporters.JUnitReportReporter -->
<testsuite skipped="0" hostname="BDC4-D-5S4YQG2" name="com.Day1.TestNG.TestNaukri" tests="1" failures="0" timestamp="18 Sep 2018 06:26:32 GMT" time="28.578" errors="0">
  <testcase name="TestPopUp" time="28.578" classname="com.Day1.TestNG.TestNaukri"/>
</testsuite> <!-- com.Day1.TestNG.TestNaukri -->
