<?xml version="1.0" encoding="UTF-8"?>
<!-- Generated by org.testng.reporters.JUnitReportReporter -->
<testsuite skipped="0" hostname="BDC4-D-5S4YQG2" name="com.Day1.TestNG.project2" tests="2" failures="0" timestamp="17 Sep 2018 09:19:09 GMT" time="0.009" errors="0">
  <testcase name="Testcase" time="0.003" classname="com.Day1.TestNG.project2"/>
  <testcase name="Testcasee" time="0.006" classname="com.Day1.TestNG.project2"/>
</testsuite> <!-- com.Day1.TestNG.project2 -->
